3D_view.obj : error LNK2019: _glewInit@0 외부 기호(참조 위치: _main 함수)에서 확인하지 못했습니다.
3D_view.obj : error LNK2019: _glfwInit 외부 기호(참조 위치: _main 함수)에서 확인하지 못했습니다.
3D_view.obj : error LNK2019: _glfwTerminate 외부 기호(참조 위치: _main 함수)에서 확인하지 못했습니다.
3D_view.obj : error LNK2019: _glfwWindowHint 외부 기호(참조 위치: _main 함수)에서 확인하지 못했습니다.
3D_view.obj : error LNK2019: _glfwCreateWindow 외부 기호(참조 위치: _main 함수)에서 확인하지 못했습니다.
3D_view.obj : error LNK2019: _glfwWindowShouldClose 외부 기호(참조 위치: _main 함수)에서 확인하지 못했습니다.
3D_view.obj : error LNK2019: _glfwPollEvents 외부 기호(참조 위치: _main 함수)에서 확인하지 못했습니다.
3D_view.obj : error LNK2019: _glfwSetInputMode 외부 기호(참조 위치: _main 함수)에서 확인하지 못했습니다.
3D_view.obj : error LNK2019: _glfwGetKey 외부 기호(참조 위치: _main 함수)에서 확인하지 못했습니다.
3D_view.obj : error LNK2019: _glfwSetCursorPos 외부 기호(참조 위치: _main 함수)에서 확인하지 못했습니다.
controls.obj : error LNK2001: _glfwSetCursorPos 외부 기호를 확인할 수 없습니다.
3D_view.obj : error LNK2019: _glfwMakeContextCurrent 외부 기호(참조 위치: _main 함수)에서 확인하지 못했습니다.
3D_view.obj : error LNK2019: _glfwSwapBuffers 외부 기호(참조 위치: _main 함수)에서 확인하지 못했습니다.
3D_view.obj : error LNK2019: "void __cdecl cv::fastFree(void *)" (?fastFree@cv@@YAXPAX@Z) 외부 기호(참조 위치: "public: class cv::Mat & __thiscall cv::Mat::operator=(class cv::Mat &&)" (??4Mat@cv@@QAEAAV01@$$QAV01@@Z) 함수)에서 확인하지 못했습니다.
3D_view.obj : error LNK2019: "private: char * __thiscall cv::String::allocate(unsigned int)" (?allocate@String@cv@@AAEPADI@Z) 외부 기호(참조 위치: "public: __thiscall cv::String::String(char const *)" (??0String@cv@@QAE@PBD@Z) 함수)에서 확인하지 못했습니다.
3D_view.obj : error LNK2019: "private: void __thiscall cv::String::deallocate(void)" (?deallocate@String@cv@@AAEXXZ) 외부 기호(참조 위치: "public: __thiscall cv::String::~String(void)" (??1String@cv@@QAE@XZ) 함수)에서 확인하지 못했습니다.
3D_view.obj : error LNK2019: "void __cdecl cv::error(int,class cv::String const &,char const *,char const *,int)" (?error@cv@@YAXHABVString@1@PBD1H@Z) 외부 기호(참조 위치: "public: float & __thiscall cv::Mat::at<float>(int,int)" (??$at@M@Mat@cv@@QAEAAMHH@Z) 함수)에서 확인하지 못했습니다.
3D_view.obj : error LNK2019: "public: __thiscall cv::Mat::Mat(void)" (??0Mat@cv@@QAE@XZ) 외부 기호(참조 위치: "public: __thiscall cv::MatExpr::operator class cv::Mat(void)const " (??BMatExpr@cv@@QBE?AVMat@1@XZ) 함수)에서 확인하지 못했습니다.
3D_view.obj : error LNK2019: "public: __thiscall cv::Mat::Mat(int,int,int)" (??0Mat@cv@@QAE@HHH@Z) 외부 기호(참조 위치: "void __cdecl `dynamic initializer for 'mapX''(void)" (??__EmapX@@YAXXZ) 함수)에서 확인하지 못했습니다.
3D_view.obj : error LNK2019: "public: __thiscall cv::Mat::Mat(class cv::Mat const &)" (??0Mat@cv@@QAE@ABV01@@Z) 외부 기호(참조 위치: _main 함수)에서 확인하지 못했습니다.
3D_view.obj : error LNK2019: "public: __thiscall cv::Mat::Mat(class cv::Mat const &,class cv::Rect_<int> const &)" (??0Mat@cv@@QAE@ABV01@ABV?$Rect_@H@1@@Z) 외부 기호(참조 위치: "public: class cv::Mat __thiscall cv::Mat::operator()(class cv::Rect_<int> const &)const " (??RMat@cv@@QBE?AV01@ABV?$Rect_@H@1@@Z) 함수)에서 확인하지 못했습니다.
3D_view.obj : error LNK2019: "public: __thiscall cv::Mat::~Mat(void)" (??1Mat@cv@@QAE@XZ) 외부 기호(참조 위치: "public: __thiscall cv::MatExpr::~MatExpr(void)" (??1MatExpr@cv@@QAE@XZ) 함수)에서 확인하지 못했습니다.
3D_view.obj : error LNK2019: "public: class cv::Mat __thiscall cv::Mat::clone(void)const " (?clone@Mat@cv@@QBE?AV12@XZ) 외부 기호(참조 위치: "class cv::Mat __cdecl wave(class cv::Mat)" (?wave@@YA?AVMat@cv@@V12@@Z) 함수)에서 확인하지 못했습니다.
3D_view.obj : error LNK2019: "public: class cv::MatExpr __thiscall cv::Mat::mul(class cv::debug_build_guard::_InputArray const &,double)const " (?mul@Mat@cv@@QBE?AVMatExpr@2@ABV_InputArray@debug_build_guard@2@N@Z) 외부 기호(참조 위치: "void __cdecl mapInit(class cv::Mat,class cv::Mat)" (?mapInit@@YAXVMat@cv@@0@Z) 함수)에서 확인하지 못했습니다.
3D_view.obj : error LNK2019: "public: void __thiscall cv::Mat::release(void)" (?release@Mat@cv@@QAEXXZ) 외부 기호(참조 위치: "public: class cv::Mat & __thiscall cv::Mat::operator=(class cv::Mat &&)" (??4Mat@cv@@QAEAAV01@$$QAV01@@Z) 함수)에서 확인하지 못했습니다.
3D_view.obj : error LNK2019: "class cv::MatExpr __cdecl cv::operator+(class cv::Mat const &,class cv::Scalar_<double> const &)" (??Hcv@@YA?AVMatExpr@0@ABVMat@0@ABV?$Scalar_@N@0@@Z) 외부 기호(참조 위치: "void __cdecl mapInit(class cv::Mat,class cv::Mat)" (?mapInit@@YAXVMat@cv@@0@Z) 함수)에서 확인하지 못했습니다.
3D_view.obj : error LNK2019: "class cv::MatExpr __cdecl cv::operator+(class cv::Scalar_<double> const &,class cv::MatExpr const &)" (??Hcv@@YA?AVMatExpr@0@ABV?$Scalar_@N@0@ABV10@@Z) 외부 기호(참조 위치: "void __cdecl mapInit(class cv::Mat,class cv::Mat)" (?mapInit@@YAXVMat@cv@@0@Z) 함수)에서 확인하지 못했습니다.
3D_view.obj : error LNK2019: "class cv::MatExpr __cdecl cv::operator+(class cv::MatExpr const &,class cv::MatExpr const &)" (??Hcv@@YA?AVMatExpr@0@ABV10@0@Z) 외부 기호(참조 위치: "void __cdecl mapInit(class cv::Mat,class cv::Mat)" (?mapInit@@YAXVMat@cv@@0@Z) 함수)에서 확인하지 못했습니다.
3D_view.obj : error LNK2019: "class cv::MatExpr __cdecl cv::operator-(class cv::MatExpr const &,class cv::Scalar_<double> const &)" (??Gcv@@YA?AVMatExpr@0@ABV10@ABV?$Scalar_@N@0@@Z) 외부 기호(참조 위치: "void __cdecl mapInit(class cv::Mat,class cv::Mat)" (?mapInit@@YAXVMat@cv@@0@Z) 함수)에서 확인하지 못했습니다.
3D_view.obj : error LNK2019: "class cv::MatExpr __cdecl cv::operator*(double,class cv::Mat const &)" (??Dcv@@YA?AVMatExpr@0@NABVMat@0@@Z) 외부 기호(참조 위치: "void __cdecl mapInit(class cv::Mat,class cv::Mat)" (?mapInit@@YAXVMat@cv@@0@Z) 함수)에서 확인하지 못했습니다.
3D_view.obj : error LNK2019: "class cv::MatExpr __cdecl cv::operator*(class cv::MatExpr const &,double)" (??Dcv@@YA?AVMatExpr@0@ABV10@N@Z) 외부 기호(참조 위치: "void __cdecl mapInit(class cv::Mat,class cv::Mat)" (?mapInit@@YAXVMat@cv@@0@Z) 함수)에서 확인하지 못했습니다.
3D_view.obj : error LNK2019: "class cv::MatExpr __cdecl cv::operator/(class cv::MatExpr const &,double)" (??Kcv@@YA?AVMatExpr@0@ABV10@N@Z) 외부 기호(참조 위치: "void __cdecl mapInit(class cv::Mat,class cv::Mat)" (?mapInit@@YAXVMat@cv@@0@Z) 함수)에서 확인하지 못했습니다.
3D_view.obj : error LNK2019: "void __cdecl cv::polarToCart(class cv::debug_build_guard::_InputArray const &,class cv::debug_build_guard::_InputArray const &,class cv::debug_build_guard::_OutputArray const &,class cv::debug_build_guard::_OutputArray const &,bool)" (?polarToCart@cv@@YAXABV_InputArray@debug_build_guard@1@0ABV_OutputArray@31@1_N@Z) 외부 기호(참조 위치: "void __cdecl mapInit(class cv::Mat,class cv::Mat)" (?mapInit@@YAXVMat@cv@@0@Z) 함수)에서 확인하지 못했습니다.
3D_view.obj : error LNK2019: "void __cdecl cv::cartToPolar(class cv::debug_build_guard::_InputArray const &,class cv::debug_build_guard::_InputArray const &,class cv::debug_build_guard::_OutputArray const &,class cv::debug_build_guard::_OutputArray const &,bool)" (?cartToPolar@cv@@YAXABV_InputArray@debug_build_guard@1@0ABV_OutputArray@31@1_N@Z) 외부 기호(참조 위치: "void __cdecl mapInit(class cv::Mat,class cv::Mat)" (?mapInit@@YAXVMat@cv@@0@Z) 함수)에서 확인하지 못했습니다.
3D_view.obj : error LNK2019: "class cv::Mat __cdecl cv::imread(class cv::String const &,int)" (?imread@cv@@YA?AVMat@1@ABVString@1@H@Z) 외부 기호(참조 위치: _main 함수)에서 확인하지 못했습니다.
3D_view.obj : error LNK2019: "void __cdecl cv::imshow(class cv::String const &,class cv::debug_build_guard::_InputArray const &)" (?imshow@cv@@YAXABVString@1@ABV_InputArray@debug_build_guard@1@@Z) 외부 기호(참조 위치: _main 함수)에서 확인하지 못했습니다.
3D_view.obj : error LNK2019: "void __cdecl cv::remap(class cv::debug_build_guard::_InputArray const &,class cv::debug_build_guard::_OutputArray const &,class cv::debug_build_guard::_InputArray const &,class cv::debug_build_guard::_InputArray const &,int,int,class cv::Scalar_<double> const &)" (?remap@cv@@YAXABV_InputArray@debug_build_guard@1@ABV_OutputArray@31@00HHABV?$Scalar_@N@1@@Z) 외부 기호(참조 위치: "class cv::Mat __cdecl wave(class cv::Mat)" (?wave@@YA?AVMat@cv@@V12@@Z) 함수)에서 확인하지 못했습니다.
3D_view.obj : error LNK2019: "void __cdecl cv::cvtColor(class cv::debug_build_guard::_InputArray const &,class cv::debug_build_guard::_OutputArray const &,int,int)" (?cvtColor@cv@@YAXABV_InputArray@debug_build_guard@1@ABV_OutputArray@31@HH@Z) 외부 기호(참조 위치: _main 함수)에서 확인하지 못했습니다.
3D_view.obj : error LNK2001: ___glewActiveTexture 외부 기호를 확인할 수 없습니다.
text2D.obj : error LNK2001: ___glewActiveTexture 외부 기호를 확인할 수 없습니다.
3D_view.obj : error LNK2001: ___glewBindBuffer 외부 기호를 확인할 수 없습니다.
text2D.obj : error LNK2001: ___glewBindBuffer 외부 기호를 확인할 수 없습니다.
3D_view.obj : error LNK2001: ___glewBufferData 외부 기호를 확인할 수 없습니다.
text2D.obj : error LNK2001: ___glewBufferData 외부 기호를 확인할 수 없습니다.
3D_view.obj : error LNK2001: ___glewDeleteBuffers 외부 기호를 확인할 수 없습니다.
text2D.obj : error LNK2001: ___glewDeleteBuffers 외부 기호를 확인할 수 없습니다.
3D_view.obj : error LNK2001: ___glewGenBuffers 외부 기호를 확인할 수 없습니다.
text2D.obj : error LNK2001: ___glewGenBuffers 외부 기호를 확인할 수 없습니다.
3D_view.obj : error LNK2001: ___glewDeleteProgram 외부 기호를 확인할 수 없습니다.
text2D.obj : error LNK2001: ___glewDeleteProgram 외부 기호를 확인할 수 없습니다.
3D_view.obj : error LNK2001: ___glewDisableVertexAttribArray 외부 기호를 확인할 수 없습니다.
text2D.obj : error LNK2001: ___glewDisableVertexAttribArray 외부 기호를 확인할 수 없습니다.
3D_view.obj : error LNK2001: ___glewEnableVertexAttribArray 외부 기호를 확인할 수 없습니다.
text2D.obj : error LNK2001: ___glewEnableVertexAttribArray 외부 기호를 확인할 수 없습니다.
3D_view.obj : error LNK2001: ___glewGetUniformLocation 외부 기호를 확인할 수 없습니다.
text2D.obj : error LNK2001: ___glewGetUniformLocation 외부 기호를 확인할 수 없습니다.
3D_view.obj : error LNK2001: ___glewUniform1i 외부 기호를 확인할 수 없습니다.
text2D.obj : error LNK2001: ___glewUniform1i 외부 기호를 확인할 수 없습니다.
3D_view.obj : error LNK2001: ___glewUniformMatrix4fv 외부 기호를 확인할 수 없습니다.
3D_view.obj : error LNK2001: ___glewUseProgram 외부 기호를 확인할 수 없습니다.
text2D.obj : error LNK2001: ___glewUseProgram 외부 기호를 확인할 수 없습니다.
3D_view.obj : error LNK2001: ___glewVertexAttribPointer 외부 기호를 확인할 수 없습니다.
text2D.obj : error LNK2001: ___glewVertexAttribPointer 외부 기호를 확인할 수 없습니다.
3D_view.obj : error LNK2001: ___glewBindVertexArray 외부 기호를 확인할 수 없습니다.
3D_view.obj : error LNK2001: ___glewDeleteVertexArrays 외부 기호를 확인할 수 없습니다.
3D_view.obj : error LNK2001: ___glewGenVertexArrays 외부 기호를 확인할 수 없습니다.
3D_view.obj : error LNK2001: _glewExperimental 외부 기호를 확인할 수 없습니다.
controls.obj : error LNK2019: _glfwGetWindowSize 외부 기호(참조 위치: "void __cdecl computeMatricesFromInputs(void)" (?computeMatricesFromInputs@@YAXXZ) 함수)에서 확인하지 못했습니다.
controls.obj : error LNK2019: _glfwGetCursorPos 외부 기호(참조 위치: "void __cdecl computeMatricesFromInputs(void)" (?computeMatricesFromInputs@@YAXXZ) 함수)에서 확인하지 못했습니다.
controls.obj : error LNK2019: _glfwGetTime 외부 기호(참조 위치: "void __cdecl computeMatricesFromInputs(void)" (?computeMatricesFromInputs@@YAXXZ) 함수)에서 확인하지 못했습니다.
shader.obj : error LNK2001: ___glewAttachShader 외부 기호를 확인할 수 없습니다.
shader.obj : error LNK2001: ___glewCompileShader 외부 기호를 확인할 수 없습니다.
shader.obj : error LNK2001: ___glewCreateProgram 외부 기호를 확인할 수 없습니다.
shader.obj : error LNK2001: ___glewCreateShader 외부 기호를 확인할 수 없습니다.
shader.obj : error LNK2001: ___glewDeleteShader 외부 기호를 확인할 수 없습니다.
shader.obj : error LNK2001: ___glewDetachShader 외부 기호를 확인할 수 없습니다.
shader.obj : error LNK2001: ___glewGetProgramInfoLog 외부 기호를 확인할 수 없습니다.
shader.obj : error LNK2001: ___glewGetProgramiv 외부 기호를 확인할 수 없습니다.
shader.obj : error LNK2001: ___glewGetShaderInfoLog 외부 기호를 확인할 수 없습니다.
shader.obj : error LNK2001: ___glewGetShaderiv 외부 기호를 확인할 수 없습니다.
shader.obj : error LNK2001: ___glewLinkProgram 외부 기호를 확인할 수 없습니다.
shader.obj : error LNK2001: ___glewShaderSource 외부 기호를 확인할 수 없습니다.
texture.obj : error LNK2001: ___glewCompressedTexImage2D 외부 기호를 확인할 수 없습니다.
texture.obj : error LNK2001: ___glewGenerateMipmap 외부 기호를 확인할 수 없습니다.
C:\Users\multicampus\Desktop\lastProject\project2\SurroundViewMonitor\\lib\opencv_world3415d.lib : warning LNK4272: 'x64' 라이브러리 컴퓨터 종류가 'x86' 대상 컴퓨터 종류와 충돌합니다.
C:\Users\multicampus\Desktop\lastProject\project2\SurroundViewMonitor\\lib\glew32s.lib : warning LNK4272: 'x64' 라이브러리 컴퓨터 종류가 'x86' 대상 컴퓨터 종류와 충돌합니다.
C:\Users\multicampus\Desktop\lastProject\project2\SurroundViewMonitor\\lib\glfw3.lib : warning LNK4272: 'x64' 라이브러리 컴퓨터 종류가 'x86' 대상 컴퓨터 종류와 충돌합니다.
C:\Users\multicampus\Desktop\lastProject\project2\SurroundViewMonitor\\lib\freeglut.lib : warning LNK4272: 'x64' 라이브러리 컴퓨터 종류가 'x86' 대상 컴퓨터 종류와 충돌합니다.
C:\Users\multicampus\Desktop\lastProject\project2\SurroundViewMonitor\Debug\SurroundViewMonitor.exe : fatal error LNK1120: 71개의 확인할 수 없는 외부 참조입니다.
