c:\users\multicampus\desktop\lastproject\project2\surroundviewmonitor\x64\debug\vc141.pdb
c:\users\multicampus\desktop\lastproject\project2\surroundviewmonitor\x64\debug\vc141.idb
c:\users\multicampus\desktop\lastproject\project2\surroundviewmonitor\x64\debug\surroundviewmonitor.obj
c:\users\multicampus\desktop\lastproject\project2\surroundviewmonitor\x64\debug\vboindexer.obj
c:\users\multicampus\desktop\lastproject\project2\surroundviewmonitor\x64\debug\texture.obj
c:\users\multicampus\desktop\lastproject\project2\surroundviewmonitor\x64\debug\text2d.obj
c:\users\multicampus\desktop\lastproject\project2\surroundviewmonitor\x64\debug\tangentspace.obj
c:\users\multicampus\desktop\lastproject\project2\surroundviewmonitor\x64\debug\shader.obj
c:\users\multicampus\desktop\lastproject\project2\surroundviewmonitor\x64\debug\quaternion_utils.obj
c:\users\multicampus\desktop\lastproject\project2\surroundviewmonitor\x64\debug\objloader.obj
c:\users\multicampus\desktop\lastproject\project2\surroundviewmonitor\x64\debug\controls.obj
c:\users\multicampus\desktop\lastproject\project2\surroundviewmonitor\x64\debug\3d_view.obj
c:\users\multicampus\desktop\lastproject\project2\surroundviewmonitor\x64\debug\surroundviewmonitor.exe
c:\users\multicampus\desktop\lastproject\project2\surroundviewmonitor\x64\debug\surroundviewmonitor.ilk
c:\users\multicampus\desktop\lastproject\project2\surroundviewmonitor\x64\debug\surroundviewmonitor.pdb
c:\users\multicampus\desktop\lastproject\project2\surroundviewmonitor\x64\debug\surround.c4661ebd.tlog\cl.command.1.tlog
c:\users\multicampus\desktop\lastproject\project2\surroundviewmonitor\x64\debug\surround.c4661ebd.tlog\cl.read.1.tlog
c:\users\multicampus\desktop\lastproject\project2\surroundviewmonitor\x64\debug\surround.c4661ebd.tlog\cl.write.1.tlog
c:\users\multicampus\desktop\lastproject\project2\surroundviewmonitor\x64\debug\surround.c4661ebd.tlog\link.command.1.tlog
c:\users\multicampus\desktop\lastproject\project2\surroundviewmonitor\x64\debug\surround.c4661ebd.tlog\link.read.1.tlog
c:\users\multicampus\desktop\lastproject\project2\surroundviewmonitor\x64\debug\surround.c4661ebd.tlog\link.write.1.tlog
