  3D_view.cpp
c:\users\multicampus\desktop\lastproject\project3\surroundviewmonitor\3d_view.cpp(46): warning C4305: '초기화 중': 'double'에서 'float'(으)로 잘립니다.
c:\users\multicampus\desktop\lastproject\project3\surroundviewmonitor\3d_view.cpp(47): warning C4305: '초기화 중': 'double'에서 'float'(으)로 잘립니다.
c:\users\multicampus\desktop\lastproject\project3\surroundviewmonitor\3d_view.cpp(53): warning C4244: '인수': 'float'에서 'int'(으)로 변환하면서 데이터가 손실될 수 있습니다.
c:\users\multicampus\desktop\lastproject\project3\surroundviewmonitor\3d_view.cpp(54): warning C4244: '인수': 'float'에서 'int'(으)로 변환하면서 데이터가 손실될 수 있습니다.
c:\users\multicampus\desktop\lastproject\project3\surroundviewmonitor\3d_view.cpp(66): warning C4244: '인수': 'float'에서 'int'(으)로 변환하면서 데이터가 손실될 수 있습니다.
c:\users\multicampus\desktop\lastproject\project3\surroundviewmonitor\3d_view.cpp(67): warning C4244: '인수': 'float'에서 'int'(으)로 변환하면서 데이터가 손실될 수 있습니다.
c:\users\multicampus\desktop\lastproject\project3\surroundviewmonitor\3d_view.cpp(283): warning C4267: '인수': 'size_t'에서 'GLsizei'(으)로 변환하면서 데이터가 손실될 수 있습니다.
c:\users\multicampus\desktop\lastproject\project3\surroundviewmonitor\3d_view.cpp(315): warning C4267: '인수': 'size_t'에서 'GLsizei'(으)로 변환하면서 데이터가 손실될 수 있습니다.
c:\users\multicampus\desktop\lastproject\project3\surroundviewmonitor\3d_view.cpp(363): warning C4838: 'size_t'에서 'int'(으)로의 변환에는 축소 변환이 필요합니다.
c:\users\multicampus\desktop\lastproject\project3\surroundviewmonitor\3d_view.cpp(363): warning C4267: '초기화 중': 'size_t'에서 'int'(으)로 변환하면서 데이터가 손실될 수 있습니다.
c:\users\multicampus\desktop\lastproject\project3\surroundviewmonitor\3d_view.cpp(365): warning C4477: 'printf' : 서식 문자열 '%d'에 'int' 형식의 인수가 필요하지만 variadic 인수 1의 형식이 'const size_t'입니다.
  c:\users\multicampus\desktop\lastproject\project3\surroundviewmonitor\3d_view.cpp(365): note: 서식 문자열에서 '%zd'을(를) 사용하는 것이 좋습니다.
c:\users\multicampus\desktop\lastproject\project3\surroundviewmonitor\3d_view.cpp(365): warning C4477: 'printf' : 서식 문자열 '%d'에 'int' 형식의 인수가 필요하지만 variadic 인수 2의 형식이 'const size_t'입니다.
  c:\users\multicampus\desktop\lastproject\project3\surroundviewmonitor\3d_view.cpp(365): note: 서식 문자열에서 '%zd'을(를) 사용하는 것이 좋습니다.
c:\users\multicampus\desktop\lastproject\project3\surroundviewmonitor\3d_view.cpp(383): warning C4477: 'printf' : 서식 문자열 '%d'에 'int' 형식의 인수가 필요하지만 variadic 인수 1의 형식이 'const size_t'입니다.
  c:\users\multicampus\desktop\lastproject\project3\surroundviewmonitor\3d_view.cpp(383): note: 서식 문자열에서 '%zd'을(를) 사용하는 것이 좋습니다.
c:\users\multicampus\desktop\lastproject\project3\surroundviewmonitor\3d_view.cpp(383): warning C4477: 'printf' : 서식 문자열 '%d'에 'int' 형식의 인수가 필요하지만 variadic 인수 2의 형식이 'const size_t'입니다.
  c:\users\multicampus\desktop\lastproject\project3\surroundviewmonitor\3d_view.cpp(383): note: 서식 문자열에서 '%zd'을(를) 사용하는 것이 좋습니다.
c:\users\multicampus\desktop\lastproject\project3\surroundviewmonitor\3d_view.cpp(386): warning C4267: '초기화 중': 'size_t'에서 'int'(으)로 변환하면서 데이터가 손실될 수 있습니다.
c:\users\multicampus\desktop\lastproject\project3\surroundviewmonitor\3d_view.cpp(387): warning C4267: '초기화 중': 'size_t'에서 'int'(으)로 변환하면서 데이터가 손실될 수 있습니다.
c:\users\multicampus\desktop\lastproject\project3\surroundviewmonitor\3d_view.cpp(388): warning C4267: '초기화 중': 'size_t'에서 'int'(으)로 변환하면서 데이터가 손실될 수 있습니다.
c:\users\multicampus\desktop\lastproject\project3\surroundviewmonitor\3d_view.cpp(389): warning C4267: '초기화 중': 'size_t'에서 'int'(으)로 변환하면서 데이터가 손실될 수 있습니다.
  SurroundViewMonitor.vcxproj -> C:\Users\multicampus\Desktop\lastProject\project3\SurroundViewMonitor\x64\Debug\SurroundViewMonitor.exe
